<?xml version="1.0" encoding="UTF-8"?>
<testng-results skipped="0" failed="0" ignored="0" total="1" passed="1">
  <reporter-output>
  </reporter-output>
  <suite name="Default suite" duration-ms="16458" started-at="2020-11-25T16:40:59 CST" finished-at="2020-11-25T16:41:16 CST">
    <groups>
    </groups>
    <test name="Default test" duration-ms="16458" started-at="2020-11-25T16:40:59 CST" finished-at="2020-11-25T16:41:16 CST">
      <class name="Test1">
        <test-method status="PASS" signature="f()[pri:0, instance:Test1@1894e40d]" name="f" duration-ms="16380" started-at="2020-11-25T16:40:59 CST" finished-at="2020-11-25T16:41:16 CST">
          <reporter-output>
          </reporter-output>
        </test-method> <!-- f -->
      </class> <!-- Test1 -->
    </test> <!-- Default test -->
  </suite> <!-- Default suite -->
</testng-results>
